[0.268s] DEBUG:colcon:Command line arguments: ['/home/devuser/.local/bin/colcon', 'build', '--build-base', 'build', '--install-base', 'install']
[0.268s] DEBUG:colcon:Parsed command line arguments: Namespace(log_base=None, log_level=None, verb_name='build', build_base='build', install_base='install', merge_install=False, symlink_install=False, test_result_base=None, continue_on_error=False, executor='parallel', parallel_workers=8, event_handlers=None, ignore_user_meta=False, metas=['./colcon.meta'], base_paths=['.'], packages_ignore=None, packages_ignore_regex=None, paths=None, packages_up_to=None, packages_up_to_regex=None, packages_above=None, packages_above_and_dependencies=None, packages_above_depth=None, packages_select_by_dep=None, packages_skip_by_dep=None, packages_skip_up_to=None, packages_select_build_failed=False, packages_skip_build_finished=False, packages_select_test_failures=False, packages_skip_test_passed=False, packages_select=None, packages_skip=None, packages_select_regex=None, packages_skip_regex=None, packages_start=None, packages_end=None, allow_overriding=[], cmake_args=None, cmake_target=None, cmake_target_skip_unavailable=False, cmake_clean_cache=False, cmake_clean_first=False, cmake_force_configure=False, ament_cmake_args=None, catkin_cmake_args=None, catkin_skip_building_tests=False, verb_parser=<colcon_defaults.argument_parser.defaults.DefaultArgumentsDecorator object at 0x7fec06e20400>, verb_extension=<colcon_core.verb.build.BuildVerb object at 0x7fec077d35b0>, main=<bound method BuildVerb.main of <colcon_core.verb.build.BuildVerb object at 0x7fec077d35b0>>)
[0.288s] Level 1:colcon.colcon_core.package_discovery:discover_packages(colcon_meta) check parameters
[0.288s] Level 1:colcon.colcon_core.package_discovery:discover_packages(recursive) check parameters
[0.288s] Level 1:colcon.colcon_core.package_discovery:discover_packages(ignore) check parameters
[0.288s] Level 1:colcon.colcon_core.package_discovery:discover_packages(path) check parameters
[0.288s] Level 1:colcon.colcon_core.package_discovery:discover_packages(colcon_meta) discover
[0.288s] Level 1:colcon.colcon_core.package_discovery:discover_packages(recursive) discover
[0.288s] INFO:colcon.colcon_core.package_discovery:Crawling recursively for packages in '/home/devuser/AOX/ROS2/src/can_test'
[0.288s] Level 1:colcon.colcon_core.package_identification:_identify(.) by extensions ['ignore', 'ignore_ament_install']
[0.288s] Level 1:colcon.colcon_core.package_identification:_identify(.) by extension 'ignore'
[0.289s] Level 1:colcon.colcon_core.package_identification:_identify(.) by extension 'ignore_ament_install'
[0.289s] Level 1:colcon.colcon_core.package_identification:_identify(.) by extensions ['colcon_pkg']
[0.289s] Level 1:colcon.colcon_core.package_identification:_identify(.) by extension 'colcon_pkg'
[0.289s] Level 1:colcon.colcon_core.package_identification:_identify(.) by extensions ['colcon_meta']
[0.289s] Level 1:colcon.colcon_core.package_identification:_identify(.) by extension 'colcon_meta'
[0.289s] Level 1:colcon.colcon_core.package_identification:_identify(.) by extensions ['ros']
[0.289s] Level 1:colcon.colcon_core.package_identification:_identify(.) by extension 'ros'
[0.298s] DEBUG:colcon.colcon_core.package_identification:Package '.' with type 'ros.ament_cmake' and name 'can_test'
[0.298s] Level 1:colcon.colcon_core.package_discovery:discover_packages(recursive) using defaults
[0.298s] Level 1:colcon.colcon_core.package_discovery:discover_packages(ignore) discover
[0.298s] Level 1:colcon.colcon_core.package_discovery:discover_packages(ignore) using defaults
[0.298s] Level 1:colcon.colcon_core.package_discovery:discover_packages(path) discover
[0.298s] Level 1:colcon.colcon_core.package_discovery:discover_packages(path) using defaults
[0.318s] Level 1:colcon.colcon_core.package_discovery:discover_packages(prefix_path) check parameters
[0.318s] Level 1:colcon.colcon_core.package_discovery:discover_packages(prefix_path) discover
[0.321s] DEBUG:colcon.colcon_installed_package_information.package_discovery:Found 3 installed packages in /home/devuser/AOX/ROS2/src/install
[0.323s] DEBUG:colcon.colcon_installed_package_information.package_discovery:Found 286 installed packages in /opt/ros/humble
[0.324s] Level 1:colcon.colcon_core.package_discovery:discover_packages(prefix_path) using defaults
[0.370s] Level 5:colcon.colcon_core.verb:set package 'can_test' build argument 'cmake_args' from command line to 'None'
[0.370s] Level 5:colcon.colcon_core.verb:set package 'can_test' build argument 'cmake_target' from command line to 'None'
[0.370s] Level 5:colcon.colcon_core.verb:set package 'can_test' build argument 'cmake_target_skip_unavailable' from command line to 'False'
[0.370s] Level 5:colcon.colcon_core.verb:set package 'can_test' build argument 'cmake_clean_cache' from command line to 'False'
[0.370s] Level 5:colcon.colcon_core.verb:set package 'can_test' build argument 'cmake_clean_first' from command line to 'False'
[0.370s] Level 5:colcon.colcon_core.verb:set package 'can_test' build argument 'cmake_force_configure' from command line to 'False'
[0.370s] Level 5:colcon.colcon_core.verb:set package 'can_test' build argument 'ament_cmake_args' from command line to 'None'
[0.370s] Level 5:colcon.colcon_core.verb:set package 'can_test' build argument 'catkin_cmake_args' from command line to 'None'
[0.370s] Level 5:colcon.colcon_core.verb:set package 'can_test' build argument 'catkin_skip_building_tests' from command line to 'False'
[0.370s] DEBUG:colcon.colcon_core.verb:Building package 'can_test' with the following arguments: {'ament_cmake_args': None, 'build_base': '/home/devuser/AOX/ROS2/src/can_test/build/can_test', 'catkin_cmake_args': None, 'catkin_skip_building_tests': False, 'cmake_args': None, 'cmake_clean_cache': False, 'cmake_clean_first': False, 'cmake_force_configure': False, 'cmake_target': None, 'cmake_target_skip_unavailable': False, 'install_base': '/home/devuser/AOX/ROS2/src/can_test/install/can_test', 'merge_install': False, 'path': '/home/devuser/AOX/ROS2/src/can_test', 'symlink_install': False, 'test_result_base': None}
[0.371s] INFO:colcon.colcon_core.executor:Executing jobs using 'parallel' executor
[0.378s] DEBUG:colcon.colcon_parallel_executor.executor.parallel:run_until_complete
[0.378s] INFO:colcon.colcon_ros.task.ament_cmake.build:Building ROS package in '/home/devuser/AOX/ROS2/src/can_test' with build type 'ament_cmake'
[0.378s] INFO:colcon.colcon_cmake.task.cmake.build:Building CMake package in '/home/devuser/AOX/ROS2/src/can_test'
[0.385s] INFO:colcon.colcon_core.plugin_system:Skipping extension 'colcon_core.shell.bat': Not used on non-Windows systems
[0.385s] INFO:colcon.colcon_core.shell:Skip shell extension 'powershell' for command environment: Not usable outside of PowerShell
[0.385s] DEBUG:colcon.colcon_core.shell:Skip shell extension 'dsv' for command environment
[0.397s] DEBUG:colcon.colcon_core.event_handler.log_command:Invoking command in '/home/devuser/AOX/ROS2/src/can_test/build/can_test': CMAKE_PREFIX_PATH=${CMAKE_PREFIX_PATH}:/opt/ros/humble /usr/bin/cmake /home/devuser/AOX/ROS2/src/can_test -DCMAKE_INSTALL_PREFIX=/home/devuser/AOX/ROS2/src/can_test/install/can_test
[1.774s] DEBUG:colcon.colcon_core.event_handler.log_command:Invoked command in '/home/devuser/AOX/ROS2/src/can_test/build/can_test' returned '0': CMAKE_PREFIX_PATH=${CMAKE_PREFIX_PATH}:/opt/ros/humble /usr/bin/cmake /home/devuser/AOX/ROS2/src/can_test -DCMAKE_INSTALL_PREFIX=/home/devuser/AOX/ROS2/src/can_test/install/can_test
[1.774s] DEBUG:colcon.colcon_core.event_handler.log_command:Invoking command in '/home/devuser/AOX/ROS2/src/can_test/build/can_test': CMAKE_PREFIX_PATH=${CMAKE_PREFIX_PATH}:/opt/ros/humble /usr/bin/cmake --build /home/devuser/AOX/ROS2/src/can_test/build/can_test -- -j8 -l8
[6.704s] DEBUG:colcon.colcon_core.event_handler.log_command:Invoked command in '/home/devuser/AOX/ROS2/src/can_test/build/can_test' returned '0': CMAKE_PREFIX_PATH=${CMAKE_PREFIX_PATH}:/opt/ros/humble /usr/bin/cmake --build /home/devuser/AOX/ROS2/src/can_test/build/can_test -- -j8 -l8
[6.734s] DEBUG:colcon.colcon_core.event_handler.log_command:Invoking command in '/home/devuser/AOX/ROS2/src/can_test/build/can_test': CMAKE_PREFIX_PATH=${CMAKE_PREFIX_PATH}:/opt/ros/humble /usr/bin/cmake --install /home/devuser/AOX/ROS2/src/can_test/build/can_test
[6.745s] Level 1:colcon.colcon_core.environment:create_environment_scripts_only(can_test)
[6.746s] DEBUG:colcon.colcon_core.event_handler.log_command:Invoked command in '/home/devuser/AOX/ROS2/src/can_test/build/can_test' returned '0': CMAKE_PREFIX_PATH=${CMAKE_PREFIX_PATH}:/opt/ros/humble /usr/bin/cmake --install /home/devuser/AOX/ROS2/src/can_test/build/can_test
[6.750s] Level 1:colcon.colcon_core.environment:checking '/home/devuser/AOX/ROS2/src/can_test/install/can_test' for CMake module files
[6.750s] Level 1:colcon.colcon_core.environment:checking '/home/devuser/AOX/ROS2/src/can_test/install/can_test' for CMake config files
[6.750s] Level 1:colcon.colcon_core.shell:create_environment_hook('can_test', 'cmake_prefix_path')
[6.752s] INFO:colcon.colcon_core.shell:Creating environment hook '/home/devuser/AOX/ROS2/src/can_test/install/can_test/share/can_test/hook/cmake_prefix_path.ps1'
[6.753s] INFO:colcon.colcon_core.shell:Creating environment descriptor '/home/devuser/AOX/ROS2/src/can_test/install/can_test/share/can_test/hook/cmake_prefix_path.dsv'
[6.753s] INFO:colcon.colcon_core.shell:Creating environment hook '/home/devuser/AOX/ROS2/src/can_test/install/can_test/share/can_test/hook/cmake_prefix_path.sh'
[6.753s] Level 1:colcon.colcon_core.environment:checking '/home/devuser/AOX/ROS2/src/can_test/install/can_test/lib'
[6.754s] Level 1:colcon.colcon_core.environment:checking '/home/devuser/AOX/ROS2/src/can_test/install/can_test/bin'
[6.754s] Level 1:colcon.colcon_core.environment:checking '/home/devuser/AOX/ROS2/src/can_test/install/can_test/lib/pkgconfig/can_test.pc'
[6.754s] Level 1:colcon.colcon_core.environment:checking '/home/devuser/AOX/ROS2/src/can_test/install/can_test/lib/python3.10/site-packages'
[6.754s] Level 1:colcon.colcon_core.environment:checking '/home/devuser/AOX/ROS2/src/can_test/install/can_test/bin'
[6.756s] INFO:colcon.colcon_core.shell:Creating package script '/home/devuser/AOX/ROS2/src/can_test/install/can_test/share/can_test/package.ps1'
[6.756s] INFO:colcon.colcon_core.shell:Creating package descriptor '/home/devuser/AOX/ROS2/src/can_test/install/can_test/share/can_test/package.dsv'
[6.757s] INFO:colcon.colcon_core.shell:Creating package script '/home/devuser/AOX/ROS2/src/can_test/install/can_test/share/can_test/package.sh'
[6.757s] INFO:colcon.colcon_core.shell:Creating package script '/home/devuser/AOX/ROS2/src/can_test/install/can_test/share/can_test/package.bash'
[6.757s] INFO:colcon.colcon_core.shell:Creating package script '/home/devuser/AOX/ROS2/src/can_test/install/can_test/share/can_test/package.zsh'
[6.758s] Level 1:colcon.colcon_core.environment:create_file_with_runtime_dependencies(/home/devuser/AOX/ROS2/src/can_test/install/can_test/share/colcon-core/packages/can_test)
[6.780s] Level 1:colcon.colcon_core.environment:create_environment_scripts_only(can_test)
[6.782s] Level 1:colcon.colcon_core.environment:checking '/home/devuser/AOX/ROS2/src/can_test/install/can_test' for CMake module files
[6.783s] Level 1:colcon.colcon_core.environment:checking '/home/devuser/AOX/ROS2/src/can_test/install/can_test' for CMake config files
[6.783s] Level 1:colcon.colcon_core.shell:create_environment_hook('can_test', 'cmake_prefix_path')
[6.785s] INFO:colcon.colcon_core.shell:Creating environment hook '/home/devuser/AOX/ROS2/src/can_test/install/can_test/share/can_test/hook/cmake_prefix_path.ps1'
[6.785s] INFO:colcon.colcon_core.shell:Creating environment descriptor '/home/devuser/AOX/ROS2/src/can_test/install/can_test/share/can_test/hook/cmake_prefix_path.dsv'
[6.785s] INFO:colcon.colcon_core.shell:Creating environment hook '/home/devuser/AOX/ROS2/src/can_test/install/can_test/share/can_test/hook/cmake_prefix_path.sh'
[6.786s] Level 1:colcon.colcon_core.environment:checking '/home/devuser/AOX/ROS2/src/can_test/install/can_test/lib'
[6.786s] Level 1:colcon.colcon_core.environment:checking '/home/devuser/AOX/ROS2/src/can_test/install/can_test/bin'
[6.786s] Level 1:colcon.colcon_core.environment:checking '/home/devuser/AOX/ROS2/src/can_test/install/can_test/lib/pkgconfig/can_test.pc'
[6.786s] Level 1:colcon.colcon_core.environment:checking '/home/devuser/AOX/ROS2/src/can_test/install/can_test/lib/python3.10/site-packages'
[6.786s] Level 1:colcon.colcon_core.environment:checking '/home/devuser/AOX/ROS2/src/can_test/install/can_test/bin'
[6.788s] INFO:colcon.colcon_core.shell:Creating package script '/home/devuser/AOX/ROS2/src/can_test/install/can_test/share/can_test/package.ps1'
[6.788s] INFO:colcon.colcon_core.shell:Creating package descriptor '/home/devuser/AOX/ROS2/src/can_test/install/can_test/share/can_test/package.dsv'
[6.789s] INFO:colcon.colcon_core.shell:Creating package script '/home/devuser/AOX/ROS2/src/can_test/install/can_test/share/can_test/package.sh'
[6.789s] INFO:colcon.colcon_core.shell:Creating package script '/home/devuser/AOX/ROS2/src/can_test/install/can_test/share/can_test/package.bash'
[6.789s] INFO:colcon.colcon_core.shell:Creating package script '/home/devuser/AOX/ROS2/src/can_test/install/can_test/share/can_test/package.zsh'
[6.790s] Level 1:colcon.colcon_core.environment:create_file_with_runtime_dependencies(/home/devuser/AOX/ROS2/src/can_test/install/can_test/share/colcon-core/packages/can_test)
[6.790s] DEBUG:colcon.colcon_parallel_executor.executor.parallel:closing loop
[6.790s] DEBUG:colcon.colcon_parallel_executor.executor.parallel:loop closed
[6.790s] DEBUG:colcon.colcon_parallel_executor.executor.parallel:run_until_complete finished with '0'
[6.790s] DEBUG:colcon.colcon_core.event_reactor:joining thread
[6.794s] INFO:colcon.colcon_core.plugin_system:Skipping extension 'colcon_notification.desktop_notification.terminal_notifier': Not used on non-Darwin systems
[6.794s] INFO:colcon.colcon_core.plugin_system:Skipping extension 'colcon_notification.desktop_notification.win32': Not used on non-Windows systems
[6.794s] INFO:colcon.colcon_notification.desktop_notification:Sending desktop notification using 'notify2'
[6.802s] DEBUG:colcon.colcon_core.event_reactor:joined thread
[6.805s] INFO:colcon.colcon_core.shell:Creating prefix script '/home/devuser/AOX/ROS2/src/can_test/install/local_setup.ps1'
[6.806s] INFO:colcon.colcon_core.shell:Creating prefix util module '/home/devuser/AOX/ROS2/src/can_test/install/_local_setup_util_ps1.py'
[6.807s] INFO:colcon.colcon_core.shell:Creating prefix chain script '/home/devuser/AOX/ROS2/src/can_test/install/setup.ps1'
[6.808s] INFO:colcon.colcon_core.shell:Creating prefix script '/home/devuser/AOX/ROS2/src/can_test/install/local_setup.sh'
[6.809s] INFO:colcon.colcon_core.shell:Creating prefix util module '/home/devuser/AOX/ROS2/src/can_test/install/_local_setup_util_sh.py'
[6.809s] INFO:colcon.colcon_core.shell:Creating prefix chain script '/home/devuser/AOX/ROS2/src/can_test/install/setup.sh'
[6.812s] INFO:colcon.colcon_core.shell:Creating prefix script '/home/devuser/AOX/ROS2/src/can_test/install/local_setup.bash'
[6.812s] INFO:colcon.colcon_core.shell:Creating prefix chain script '/home/devuser/AOX/ROS2/src/can_test/install/setup.bash'
[6.814s] INFO:colcon.colcon_core.shell:Creating prefix script '/home/devuser/AOX/ROS2/src/can_test/install/local_setup.zsh'
[6.815s] INFO:colcon.colcon_core.shell:Creating prefix chain script '/home/devuser/AOX/ROS2/src/can_test/install/setup.zsh'
